<?xml version="1.0" encoding="UTF-8"?>
<!-- Generated by org.testng.reporters.JUnitReportReporter -->
<testsuite hostname="MEL999W7L3161" name="com.dpr.driver.NewTest" tests="1" failures="0" timestamp="20 Apr 2017 08:06:04 GMT" time="0.004" errors="0">
  <testcase name="f" time="0.004" classname="com.dpr.driver.NewTest"/>
</testsuite> <!-- com.dpr.driver.NewTest -->
