<?xml version="1.0" encoding="UTF-8"?>
<!-- Generated by org.testng.reporters.JUnitReportReporter -->
<testsuite skipped="2" hostname="MEL999W7L3161" name="com.dpr.testCases.testLogin" tests="3" failures="0" timestamp="26 May 2017 08:54:09 GMT" time="1.793" errors="0">
  <testcase name="logoutSuccess" time="1.793" classname="com.dpr.testCases.testLogin"/>
  <testcase name="loginValid" classname="com.dpr.testCases.testLogin">
    <skipped/>
  </testcase> <!-- loginValid -->
  <testcase name="invalidLoginError" classname="com.dpr.testCases.testLogin">
    <skipped/>
  </testcase> <!-- invalidLoginError -->
</testsuite> <!-- com.dpr.testCases.testLogin -->
