<?xml version="1.0" encoding="UTF-8"?>
<!-- Generated by org.testng.reporters.JUnitReportReporter -->
<testsuite hostname="MEL999W7L3161" name="com.dpr.testCases.NewTest" tests="1" failures="0" timestamp="21 Apr 2017 03:26:25 GMT" time="0.004" errors="0">
  <testcase name="f" time="0.004" classname="com.dpr.testCases.NewTest"/>
</testsuite> <!-- com.dpr.testCases.NewTest -->
